This file contains any messages produced by compilers while
running configure, to aid debugging if configure makes a mistake.

It was created by gramd-client-test configure 1.0, which was
generated by GNU Autoconf 2.68.  Invocation command line was

  $ ./configure --prefix=/usr

## --------- ##
## Platform. ##
## --------- ##

hostname = fedora16
uname -m = i686
uname -r = 3.2.9-1.fc16.i686
uname -s = Linux
uname -v = #1 SMP Thu Mar 1 01:58:05 UTC 2012

/usr/bin/uname -p = unknown
/bin/uname -X     = unknown

/bin/arch              = i686
/usr/bin/arch -k       = unknown
/usr/convex/getsysinfo = unknown
/usr/bin/hostinfo      = unknown
/bin/machine           = unknown
/usr/bin/oslevel       = unknown
/bin/universe          = unknown

PATH: /usr/local/bin
PATH: /usr/bin
PATH: /bin
PATH: /usr/local/sbin
PATH: /usr/sbin
PATH: /sbin
PATH: /home/fedora/.local/bin
PATH: /home/fedora/bin


## ----------- ##
## Core tests. ##
## ----------- ##

configure:2114: checking build system type
configure:2128: result: i686-pc-linux-gnu
configure:2148: checking host system type
configure:2161: result: i686-pc-linux-gnu
configure:2181: checking target system type
configure:2194: result: i686-pc-linux-gnu
configure:2237: checking for a BSD-compatible install
configure:2305: result: /usr/bin/install -c
configure:2316: checking whether build environment is sane
configure:2366: result: yes
configure:2507: checking for a thread-safe mkdir -p
configure:2546: result: /bin/mkdir -p
configure:2559: checking for gawk
configure:2575: found /usr/bin/gawk
configure:2586: result: gawk
configure:2597: checking whether make sets $(MAKE)
configure:2619: result: yes
configure:2741: checking for style of include used by make
configure:2769: result: GNU
configure:2839: checking for gcc
configure:2855: found /usr/bin/gcc
configure:2866: result: gcc
configure:3095: checking for C compiler version
configure:3104: gcc --version >&5
gcc (GCC) 4.6.2 20111027 (Red Hat 4.6.2-1)
Copyright (C) 2011 Free Software Foundation, Inc.
This is free software; see the source for copying conditions.  There is NO
warranty; not even for MERCHANTABILITY or FITNESS FOR A PARTICULAR PURPOSE.

configure:3115: $? = 0
configure:3104: gcc -v >&5
Using built-in specs.
COLLECT_GCC=gcc
COLLECT_LTO_WRAPPER=/usr/libexec/gcc/i686-redhat-linux/4.6.2/lto-wrapper
Target: i686-redhat-linux
Configured with: ../configure --prefix=/usr --mandir=/usr/share/man --infodir=/usr/share/info --with-bugurl=http://bugzilla.redhat.com/bugzilla --enable-bootstrap --enable-shared --enable-threads=posix --enable-checking=release --with-system-zlib --enable-__cxa_atexit --disable-libunwind-exceptions --enable-gnu-unique-object --enable-linker-build-id --enable-languages=c,c++,objc,obj-c++,java,fortran,ada,go,lto --enable-plugin --enable-java-awt=gtk --disable-dssi --with-java-home=/usr/lib/jvm/java-1.5.0-gcj-1.5.0.0/jre --enable-libgcj-multifile --enable-java-maintainer-mode --with-ecj-jar=/usr/share/java/eclipse-ecj.jar --disable-libjava-multilib --with-ppl --with-cloog --with-tune=generic --with-arch=i686 --build=i686-redhat-linux
Thread model: posix
gcc version 4.6.2 20111027 (Red Hat 4.6.2-1) (GCC) 
configure:3115: $? = 0
configure:3104: gcc -V >&5
gcc: error: unrecognized option '-V'
gcc: fatal error: no input files
compilation terminated.
configure:3115: $? = 4
configure:3104: gcc -qversion >&5
gcc: error: unrecognized option '-qversion'
gcc: fatal error: no input files
compilation terminated.
configure:3115: $? = 4
configure:3135: checking whether the C compiler works
configure:3157: gcc    conftest.c  >&5
configure:3161: $? = 0
configure:3209: result: yes
configure:3212: checking for C compiler default output file name
configure:3214: result: a.out
configure:3220: checking for suffix of executables
configure:3227: gcc -o conftest    conftest.c  >&5
configure:3231: $? = 0
configure:3253: result: 
configure:3275: checking whether we are cross compiling
configure:3283: gcc -o conftest    conftest.c  >&5
configure:3287: $? = 0
configure:3294: ./conftest
configure:3298: $? = 0
configure:3313: result: no
configure:3318: checking for suffix of object files
configure:3340: gcc -c   conftest.c >&5
configure:3344: $? = 0
configure:3365: result: o
configure:3369: checking whether we are using the GNU C compiler
configure:3388: gcc -c   conftest.c >&5
configure:3388: $? = 0
configure:3397: result: yes
configure:3406: checking whether gcc accepts -g
configure:3426: gcc -c -g  conftest.c >&5
configure:3426: $? = 0
configure:3467: result: yes
configure:3484: checking for gcc option to accept ISO C89
configure:3548: gcc  -c -g -O2  conftest.c >&5
configure:3548: $? = 0
configure:3561: result: none needed
configure:3583: checking dependency style of gcc
configure:3693: result: gcc3
configure:3714: checking how to run the C preprocessor
configure:3745: gcc -E  conftest.c
configure:3745: $? = 0
configure:3759: gcc -E  conftest.c
conftest.c:11:28: fatal error: ac_nonexistent.h: No such file or directory
compilation terminated.
configure:3759: $? = 1
configure: failed program was:
| /* confdefs.h */
| #define PACKAGE_NAME "gramd-client-test"
| #define PACKAGE_TARNAME "gramd-client-test"
| #define PACKAGE_VERSION "1.0"
| #define PACKAGE_STRING "gramd-client-test 1.0"
| #define PACKAGE_BUGREPORT "http://www.jovislab.com/gramd"
| #define PACKAGE_URL ""
| #define PACKAGE "gramd-client-test"
| #define VERSION "1.0"
| /* end confdefs.h.  */
| #include <ac_nonexistent.h>
configure:3784: result: gcc -E
configure:3804: gcc -E  conftest.c
configure:3804: $? = 0
configure:3818: gcc -E  conftest.c
conftest.c:11:28: fatal error: ac_nonexistent.h: No such file or directory
compilation terminated.
configure:3818: $? = 1
configure: failed program was:
| /* confdefs.h */
| #define PACKAGE_NAME "gramd-client-test"
| #define PACKAGE_TARNAME "gramd-client-test"
| #define PACKAGE_VERSION "1.0"
| #define PACKAGE_STRING "gramd-client-test 1.0"
| #define PACKAGE_BUGREPORT "http://www.jovislab.com/gramd"
| #define PACKAGE_URL ""
| #define PACKAGE "gramd-client-test"
| #define VERSION "1.0"
| /* end confdefs.h.  */
| #include <ac_nonexistent.h>
configure:3847: checking for grep that handles long lines and -e
configure:3905: result: /bin/grep
configure:3910: checking for egrep
configure:3972: result: /bin/grep -E
configure:3977: checking for ANSI C header files
configure:3997: gcc -c -g -O2  conftest.c >&5
configure:3997: $? = 0
configure:4070: gcc -o conftest -g -O2   conftest.c  >&5
configure:4070: $? = 0
configure:4070: ./conftest
configure:4070: $? = 0
configure:4081: result: yes
configure:4094: checking for sys/types.h
configure:4094: gcc -c -g -O2  conftest.c >&5
configure:4094: $? = 0
configure:4094: result: yes
configure:4094: checking for sys/stat.h
configure:4094: gcc -c -g -O2  conftest.c >&5
configure:4094: $? = 0
configure:4094: result: yes
configure:4094: checking for stdlib.h
configure:4094: gcc -c -g -O2  conftest.c >&5
configure:4094: $? = 0
configure:4094: result: yes
configure:4094: checking for string.h
configure:4094: gcc -c -g -O2  conftest.c >&5
configure:4094: $? = 0
configure:4094: result: yes
configure:4094: checking for memory.h
configure:4094: gcc -c -g -O2  conftest.c >&5
configure:4094: $? = 0
configure:4094: result: yes
configure:4094: checking for strings.h
configure:4094: gcc -c -g -O2  conftest.c >&5
configure:4094: $? = 0
configure:4094: result: yes
configure:4094: checking for inttypes.h
configure:4094: gcc -c -g -O2  conftest.c >&5
configure:4094: $? = 0
configure:4094: result: yes
configure:4094: checking for stdint.h
configure:4094: gcc -c -g -O2  conftest.c >&5
configure:4094: $? = 0
configure:4094: result: yes
configure:4094: checking for unistd.h
configure:4094: gcc -c -g -O2  conftest.c >&5
configure:4094: $? = 0
configure:4094: result: yes
configure:4108: checking gramdclient.h usability
configure:4108: gcc -c -g -O2  conftest.c >&5
configure:4108: $? = 0
configure:4108: result: yes
configure:4108: checking gramdclient.h presence
configure:4108: gcc -E  conftest.c
configure:4108: $? = 0
configure:4108: result: yes
configure:4108: checking for gramdclient.h
configure:4108: result: yes
configure:4185: checking for g++
configure:4201: found /usr/bin/g++
configure:4212: result: g++
configure:4239: checking for C++ compiler version
configure:4248: g++ --version >&5
g++ (GCC) 4.6.2 20111027 (Red Hat 4.6.2-1)
Copyright (C) 2011 Free Software Foundation, Inc.
This is free software; see the source for copying conditions.  There is NO
warranty; not even for MERCHANTABILITY or FITNESS FOR A PARTICULAR PURPOSE.

configure:4259: $? = 0
configure:4248: g++ -v >&5
Using built-in specs.
COLLECT_GCC=g++
COLLECT_LTO_WRAPPER=/usr/libexec/gcc/i686-redhat-linux/4.6.2/lto-wrapper
Target: i686-redhat-linux
Configured with: ../configure --prefix=/usr --mandir=/usr/share/man --infodir=/usr/share/info --with-bugurl=http://bugzilla.redhat.com/bugzilla --enable-bootstrap --enable-shared --enable-threads=posix --enable-checking=release --with-system-zlib --enable-__cxa_atexit --disable-libunwind-exceptions --enable-gnu-unique-object --enable-linker-build-id --enable-languages=c,c++,objc,obj-c++,java,fortran,ada,go,lto --enable-plugin --enable-java-awt=gtk --disable-dssi --with-java-home=/usr/lib/jvm/java-1.5.0-gcj-1.5.0.0/jre --enable-libgcj-multifile --enable-java-maintainer-mode --with-ecj-jar=/usr/share/java/eclipse-ecj.jar --disable-libjava-multilib --with-ppl --with-cloog --with-tune=generic --with-arch=i686 --build=i686-redhat-linux
Thread model: posix
gcc version 4.6.2 20111027 (Red Hat 4.6.2-1) (GCC) 
configure:4259: $? = 0
configure:4248: g++ -V >&5
g++: error: unrecognized option '-V'
g++: fatal error: no input files
compilation terminated.
configure:4259: $? = 4
configure:4248: g++ -qversion >&5
g++: error: unrecognized option '-qversion'
g++: fatal error: no input files
compilation terminated.
configure:4259: $? = 4
configure:4263: checking whether we are using the GNU C++ compiler
configure:4282: g++ -c   conftest.cpp >&5
configure:4282: $? = 0
configure:4291: result: yes
configure:4300: checking whether g++ accepts -g
configure:4320: g++ -c -g  conftest.cpp >&5
configure:4320: $? = 0
configure:4361: result: yes
configure:4386: checking dependency style of g++
configure:4496: result: gcc3
configure:4684: creating ./config.status

## ---------------------- ##
## Running config.status. ##
## ---------------------- ##

This file was extended by gramd-client-test config.status 1.0, which was
generated by GNU Autoconf 2.68.  Invocation command line was

  CONFIG_FILES    = 
  CONFIG_HEADERS  = 
  CONFIG_LINKS    = 
  CONFIG_COMMANDS = 
  $ ./config.status 

on fedora16

config.status:805: creating Makefile
config.status:805: creating src/Makefile
config.status:977: executing depfiles commands

## ---------------- ##
## Cache variables. ##
## ---------------- ##

ac_cv_build=i686-pc-linux-gnu
ac_cv_c_compiler_gnu=yes
ac_cv_cxx_compiler_gnu=yes
ac_cv_env_CCC_set=
ac_cv_env_CCC_value=
ac_cv_env_CC_set=
ac_cv_env_CC_value=
ac_cv_env_CFLAGS_set=
ac_cv_env_CFLAGS_value=
ac_cv_env_CPPFLAGS_set=
ac_cv_env_CPPFLAGS_value=
ac_cv_env_CPP_set=
ac_cv_env_CPP_value=
ac_cv_env_CXXFLAGS_set=
ac_cv_env_CXXFLAGS_value=
ac_cv_env_CXX_set=
ac_cv_env_CXX_value=
ac_cv_env_LDFLAGS_set=
ac_cv_env_LDFLAGS_value=
ac_cv_env_LIBS_set=
ac_cv_env_LIBS_value=
ac_cv_env_build_alias_set=
ac_cv_env_build_alias_value=
ac_cv_env_host_alias_set=
ac_cv_env_host_alias_value=
ac_cv_env_target_alias_set=
ac_cv_env_target_alias_value=
ac_cv_header_gramdclient_h=yes
ac_cv_header_inttypes_h=yes
ac_cv_header_memory_h=yes
ac_cv_header_stdc=yes
ac_cv_header_stdint_h=yes
ac_cv_header_stdlib_h=yes
ac_cv_header_string_h=yes
ac_cv_header_strings_h=yes
ac_cv_header_sys_stat_h=yes
ac_cv_header_sys_types_h=yes
ac_cv_header_unistd_h=yes
ac_cv_host=i686-pc-linux-gnu
ac_cv_objext=o
ac_cv_path_EGREP='/bin/grep -E'
ac_cv_path_GREP=/bin/grep
ac_cv_path_install='/usr/bin/install -c'
ac_cv_path_mkdir=/bin/mkdir
ac_cv_prog_AWK=gawk
ac_cv_prog_CPP='gcc -E'
ac_cv_prog_ac_ct_CC=gcc
ac_cv_prog_ac_ct_CXX=g++
ac_cv_prog_cc_c89=
ac_cv_prog_cc_g=yes
ac_cv_prog_cxx_g=yes
ac_cv_prog_make_make_set=yes
ac_cv_target=i686-pc-linux-gnu
am_cv_CC_dependencies_compiler_type=gcc3
am_cv_CXX_dependencies_compiler_type=gcc3

## ----------------- ##
## Output variables. ##
## ----------------- ##

ACLOCAL='${SHELL} /home/fedora/workspace/gramd-client-test/missing --run aclocal-1.11'
AMDEPBACKSLASH='\'
AMDEP_FALSE='#'
AMDEP_TRUE=''
AMTAR='${SHELL} /home/fedora/workspace/gramd-client-test/missing --run tar'
AUTOCONF='${SHELL} /home/fedora/workspace/gramd-client-test/missing --run autoconf'
AUTOHEADER='${SHELL} /home/fedora/workspace/gramd-client-test/missing --run autoheader'
AUTOMAKE='${SHELL} /home/fedora/workspace/gramd-client-test/missing --run automake-1.11'
AWK='gawk'
CC='gcc'
CCDEPMODE='depmode=gcc3'
CFLAGS='-g -O2'
CPP='gcc -E'
CPPFLAGS=''
CXX='g++'
CXXDEPMODE='depmode=gcc3'
CXXFLAGS='-g -O2'
CYGPATH_W='echo'
DEFS='-DPACKAGE_NAME=\"gramd-client-test\" -DPACKAGE_TARNAME=\"gramd-client-test\" -DPACKAGE_VERSION=\"1.0\" -DPACKAGE_STRING=\"gramd-client-test\ 1.0\" -DPACKAGE_BUGREPORT=\"http://www.jovislab.com/gramd\" -DPACKAGE_URL=\"\" -DPACKAGE=\"gramd-client-test\" -DVERSION=\"1.0\" -DSTDC_HEADERS=1 -DHAVE_SYS_TYPES_H=1 -DHAVE_SYS_STAT_H=1 -DHAVE_STDLIB_H=1 -DHAVE_STRING_H=1 -DHAVE_MEMORY_H=1 -DHAVE_STRINGS_H=1 -DHAVE_INTTYPES_H=1 -DHAVE_STDINT_H=1 -DHAVE_UNISTD_H=1 -DHAVE_GRAMDCLIENT_H=1'
DEPDIR='.deps'
ECHO_C=''
ECHO_N='-n'
ECHO_T=''
EGREP='/bin/grep -E'
EXEEXT=''
GREP='/bin/grep'
INSTALL_DATA='${INSTALL} -m 644'
INSTALL_PROGRAM='${INSTALL}'
INSTALL_SCRIPT='${INSTALL}'
INSTALL_STRIP_PROGRAM='$(install_sh) -c -s'
LDFLAGS=''
LIBGRAMDCLIENT_CFLAGS=''
LIBGRAMDCLIENT_LDFLAGS=''
LIBOBJS=''
LIBS=''
LTLIBOBJS=''
MAKEINFO='${SHELL} /home/fedora/workspace/gramd-client-test/missing --run makeinfo'
MKDIR_P='/bin/mkdir -p'
OBJEXT='o'
PACKAGE='gramd-client-test'
PACKAGE_BUGREPORT='http://www.jovislab.com/gramd'
PACKAGE_NAME='gramd-client-test'
PACKAGE_STRING='gramd-client-test 1.0'
PACKAGE_TARNAME='gramd-client-test'
PACKAGE_URL=''
PACKAGE_VERSION='1.0'
PATH_SEPARATOR=':'
SET_MAKE=''
SHELL='/bin/sh'
STRIP=''
VERSION='1.0'
ac_ct_CC='gcc'
ac_ct_CXX='g++'
am__EXEEXT_FALSE=''
am__EXEEXT_TRUE='#'
am__fastdepCC_FALSE='#'
am__fastdepCC_TRUE=''
am__fastdepCXX_FALSE='#'
am__fastdepCXX_TRUE=''
am__include='include'
am__isrc=''
am__leading_dot='.'
am__quote=''
am__tar='${AMTAR} chof - "$$tardir"'
am__untar='${AMTAR} xf -'
bindir='${exec_prefix}/bin'
build='i686-pc-linux-gnu'
build_alias=''
build_cpu='i686'
build_os='linux-gnu'
build_vendor='pc'
datadir='${datarootdir}'
datarootdir='${prefix}/share'
docdir='${datarootdir}/doc/${PACKAGE_TARNAME}'
dvidir='${docdir}'
exec_prefix='${prefix}'
host='i686-pc-linux-gnu'
host_alias=''
host_cpu='i686'
host_os='linux-gnu'
host_vendor='pc'
htmldir='${docdir}'
includedir='${prefix}/include'
infodir='${datarootdir}/info'
install_sh='${SHELL} /home/fedora/workspace/gramd-client-test/install-sh'
libdir='${exec_prefix}/lib'
libexecdir='${exec_prefix}/libexec'
localedir='${datarootdir}/locale'
localstatedir='${prefix}/var'
mandir='${datarootdir}/man'
mkdir_p='/bin/mkdir -p'
oldincludedir='/usr/include'
pdfdir='${docdir}'
prefix='/usr'
program_transform_name='s,x,x,'
psdir='${docdir}'
sbindir='${exec_prefix}/sbin'
sharedstatedir='${prefix}/com'
sysconfdir='${prefix}/etc'
target='i686-pc-linux-gnu'
target_alias=''
target_cpu='i686'
target_os='linux-gnu'
target_vendor='pc'

## ----------- ##
## confdefs.h. ##
## ----------- ##

/* confdefs.h */
#define PACKAGE_NAME "gramd-client-test"
#define PACKAGE_TARNAME "gramd-client-test"
#define PACKAGE_VERSION "1.0"
#define PACKAGE_STRING "gramd-client-test 1.0"
#define PACKAGE_BUGREPORT "http://www.jovislab.com/gramd"
#define PACKAGE_URL ""
#define PACKAGE "gramd-client-test"
#define VERSION "1.0"
#define STDC_HEADERS 1
#define HAVE_SYS_TYPES_H 1
#define HAVE_SYS_STAT_H 1
#define HAVE_STDLIB_H 1
#define HAVE_STRING_H 1
#define HAVE_MEMORY_H 1
#define HAVE_STRINGS_H 1
#define HAVE_INTTYPES_H 1
#define HAVE_STDINT_H 1
#define HAVE_UNISTD_H 1
#define HAVE_GRAMDCLIENT_H 1

configure: exit 0
